<?xml version="1.0" encoding="UTF-8"?>
<!-- Generated by org.testng.reporters.JUnitXMLReporter -->
<testsuite ignored="0" hostname="LAPTOP-O1IA0A5B" failures="0" tests="3" name="Test" time="0.012" errors="0" timestamp="2023-11-08T09:07:24 EST">
  <testcase classname="com.automation.day18.Regression_Suite_Oct_29_2023.Regression_RegisterTest" name="regressionRegisterValidation" time="0.003"/>
  <testcase classname="com.automation.day18.Regression_Suite_Oct_29_2023.Regression_LoginTest" name="regressionLoginValidation" time="0.002"/>
  <testcase classname="com.automation.day18.Regression_Suite_Oct_29_2023.Regression_SearchProductTest" name="regressionSearchProductValidation" time="0.002"/>
</testsuite> <!-- Test -->
