<?xml version="1.0" encoding="UTF-8"?>
<!-- Generated by org.testng.reporters.JUnitXMLReporter -->
<testsuite ignored="0" hostname="LAPTOP-O1IA0A5B" failures="0" tests="3" name="Default test" time="15.08" errors="0" timestamp="2023-10-08T14:44:57 EDT">
  <testcase classname="com.automation.day12.Oct_8_2023.HeadlessMode_ChromeOptions" name="searchWithValidProduct" time="0.779"/>
  <testcase classname="com.automation.day12.Oct_8_2023.HeadlessMode_ChromeOptions" name="searchWithInvalidProduct" time="0.992"/>
  <testcase classname="com.automation.day12.Oct_8_2023.HeadlessMode_ChromeOptions" name="searchWithNoProduct" time="0.929"/>
</testsuite> <!-- Default test -->
