<?xml version="1.0" encoding="UTF-8"?>
<!-- Generated by org.testng.reporters.JUnitXMLReporter -->
<testsuite ignored="0" hostname="LAPTOP-O1IA0A5B" failures="0" tests="3" name="Test" time="0.069" errors="0" timestamp="2023-11-08T09:07:24 EST">
  <testcase classname="com.automation.day18.Sanity_Suite_Oct_29_2023.Sanity_LoginTest" name="sanityLoginValidation" time="0.009"/>
  <testcase classname="com.automation.day18.Sanity_Suite_Oct_29_2023.Sanity_RegisterTest" name="sanityRegisterValidation" time="0.003"/>
  <testcase classname="com.automation.day18.Sanity_Suite_Oct_29_2023.Sanity_SearchProductTest" name="sanitySearchProductValidation" time="0.002"/>
</testsuite> <!-- Test -->
