<?xml version="1.0" encoding="UTF-8"?>
<!-- Generated by org.testng.reporters.JUnitXMLReporter -->
<testsuite ignored="5" hostname="LAPTOP-O1IA0A5B" failures="0" tests="7" name="TutorialsNinja Test" time="50.976" errors="0" timestamp="2023-11-01T20:53:26 EDT">
  <testcase classname="com.automation.day14_Oct_15_2023.RegisterTest" name="verifyRegisterWithMandatoryFields" time="1.835"/>
  <testcase classname="com.automation.day14_Oct_15_2023.RegisterTest" name="verifyRegisterWithExistingEmail" time="1.176"/>
  <testcase classname="com.automation.day14_Oct_15_2023.RegisterTest" name="verifyRegisterWithNoFields" time="0.702"/>
  <testcase classname="com.automation.day14_Oct_15_2023.LoginTest" name="verifyLoginWithValidCredentials" time="1.026"/>
  <testcase classname="com.automation.day14_Oct_15_2023.LoginTest" name="verifyLoginWithInvalidCredentials" time="0.801"/>
  <testcase classname="com.automation.day14_Oct_15_2023.LoginTest" name="verifyLoginWithNoCredentials" time="1.205"/>
  <testcase classname="com.automation.day14_Oct_15_2023.SearchProductTest" name="verifySearchWithValidProduct" time="0.84"/>
  <testcase classname="com.automation.day14_Oct_15_2023.RegisterTest" name="verifyRegisterWithAllFields" time="0.0">
    <ignored/>
  </testcase> <!-- verifyRegisterWithAllFields -->
  <testcase classname="com.automation.day14_Oct_15_2023.LoginTest" name="verifyLoginWithValidEmailInvalidPassword" time="0.0">
    <ignored/>
  </testcase> <!-- verifyLoginWithValidEmailInvalidPassword -->
  <testcase classname="com.automation.day14_Oct_15_2023.LoginTest" name="verifyLoginWithInvalidEmailValidPassword" time="0.0">
    <ignored/>
  </testcase> <!-- verifyLoginWithInvalidEmailValidPassword -->
  <testcase classname="com.automation.day14_Oct_15_2023.SearchProductTest" name="VerifySearchWithInvalidProduct" time="0.0">
    <ignored/>
  </testcase> <!-- VerifySearchWithInvalidProduct -->
  <testcase classname="com.automation.day14_Oct_15_2023.SearchProductTest" name="verifySearchWithNoProduct" time="0.0">
    <ignored/>
  </testcase> <!-- verifySearchWithNoProduct -->
</testsuite> <!-- TutorialsNinja Test -->
