<?xml version="1.0" encoding="UTF-8"?>
<!-- Generated by org.testng.reporters.JUnitXMLReporter -->
<testsuite ignored="0" hostname="LAPTOP-O1IA0A5B" failures="1" tests="1" name="Test" time="8.402" errors="0" timestamp="2023-11-08T09:54:20 EST">
  <testcase classname="com.automation.day14_Oct_15_2023.Parameterization_Using_TestNGxml_file" name="verifyLoginWithValidCredentials" time="8.188">
    <failure type="java.lang.AssertionError" message="expected [false] but found [true]">
      <![CDATA[java.lang.AssertionError: expected [false] but found [true]
at com.automation.day14_Oct_15_2023.Parameterization_Using_TestNGxml_file.verifyLoginWithValidCredentials(Parameterization_Using_TestNGxml_file.java:39)
at java.base/java.util.ArrayList.forEach(ArrayList.java:1511)
... Removed 35 stack frames]]>
    </failure>
  </testcase> <!-- verifyLoginWithValidCredentials -->
</testsuite> <!-- Test -->
