<?xml version="1.0" encoding="UTF-8"?>
<!-- Generated by org.testng.reporters.JUnitXMLReporter -->
<testsuite ignored="0" hostname="LAPTOP-O1IA0A5B" failures="0" tests="3" name="Test" time="0.011" errors="0" timestamp="2023-11-08T09:07:24 EST">
  <testcase classname="com.automation.day18.Smoke_Suite_Oct_29_2023.Smoke_SearchProductTest" name="smokeSearchProductValidation" time="0.001"/>
  <testcase classname="com.automation.day18.Smoke_Suite_Oct_29_2023.Smoke_LoginTest" name="smokeLoginValidation" time="0.001"/>
  <testcase classname="com.automation.day18.Smoke_Suite_Oct_29_2023.Smoke_RegisterTest" name="smokeRegisterValidation" time="0.001"/>
</testsuite> <!-- Test -->
