<?xml version="1.0" encoding="UTF-8"?>
<testng-results ignored="0" total="1" passed="1" failed="0" skipped="0">
  <reporter-output>
  </reporter-output>
  <suite started-at="2023-11-12T14:15:32 EST" name="Default suite" finished-at="2023-11-12T14:15:41 EST" duration-ms="8314">
    <groups>
    </groups>
    <test started-at="2023-11-12T14:15:32 EST" name="Default test" finished-at="2023-11-12T14:15:41 EST" duration-ms="8314">
      <class name="com.automation.day22.Nov_12_2023.DatePicker2">
        <test-method signature="datePicker()[pri:0, instance:com.automation.day22.Nov_12_2023.DatePicker2@73e9cf30]" started-at="2023-11-12T14:15:33 EST" name="datePicker" finished-at="2023-11-12T14:15:41 EST" duration-ms="8271" status="PASS">
          <reporter-output>
          </reporter-output>
        </test-method> <!-- datePicker -->
      </class> <!-- com.automation.day22.Nov_12_2023.DatePicker2 -->
    </test> <!-- Default test -->
  </suite> <!-- Default suite -->
</testng-results>
