<?xml version="1.0" encoding="UTF-8"?>
<testng-results ignored="0" total="2" passed="2" failed="0" skipped="0">
  <reporter-output>
  </reporter-output>
  <suite started-at="2023-11-03T16:33:49 EDT" name="Suite" finished-at="2023-11-03T16:34:08 EDT" duration-ms="19444">
    <groups>
    </groups>
    <test started-at="2023-11-03T16:33:49 EDT" name="Test" finished-at="2023-11-03T16:34:08 EDT" duration-ms="19444">
      <class name="com.automation.day16.Oct_22_2023.RegisterTest">
        <test-method is-config="true" signature="RegisterSetup()[pri:0, instance:com.automation.day16.Oct_22_2023.RegisterTest@534a5a98]" started-at="2023-11-03T16:33:49 EDT" name="RegisterSetup" finished-at="2023-11-03T16:33:56 EDT" duration-ms="7109" status="PASS">
          <reporter-output>
          </reporter-output>
        </test-method> <!-- RegisterSetup -->
        <test-method signature="TNRegister()[pri:0, instance:com.automation.day16.Oct_22_2023.RegisterTest@534a5a98]" started-at="2023-11-03T16:33:56 EDT" name="TNRegister" finished-at="2023-11-03T16:33:57 EDT" duration-ms="1708" status="PASS">
          <reporter-output>
          </reporter-output>
        </test-method> <!-- TNRegister -->
        <test-method is-config="true" signature="tearDown()[pri:0, instance:com.automation.day16.Oct_22_2023.RegisterTest@534a5a98]" started-at="2023-11-03T16:33:57 EDT" name="tearDown" finished-at="2023-11-03T16:33:58 EDT" duration-ms="212" status="PASS">
          <reporter-output>
          </reporter-output>
        </test-method> <!-- tearDown -->
      </class> <!-- com.automation.day16.Oct_22_2023.RegisterTest -->
      <class name="com.automation.day16.Oct_22_2023.LoginTest">
        <test-method is-config="true" signature="LoginSetup()[pri:0, instance:com.automation.day16.Oct_22_2023.LoginTest@f78a47e]" started-at="2023-11-03T16:33:58 EDT" name="LoginSetup" finished-at="2023-11-03T16:34:06 EDT" duration-ms="8305" status="PASS">
          <reporter-output>
          </reporter-output>
        </test-method> <!-- LoginSetup -->
        <test-method signature="TNLogin()[pri:0, instance:com.automation.day16.Oct_22_2023.LoginTest@f78a47e]" started-at="2023-11-03T16:34:06 EDT" name="TNLogin" finished-at="2023-11-03T16:34:08 EDT" duration-ms="1888" status="PASS">
          <reporter-output>
          </reporter-output>
        </test-method> <!-- TNLogin -->
        <test-method is-config="true" signature="tearDown()[pri:0, instance:com.automation.day16.Oct_22_2023.LoginTest@f78a47e]" started-at="2023-11-03T16:34:08 EDT" name="tearDown" finished-at="2023-11-03T16:34:08 EDT" duration-ms="178" status="PASS">
          <reporter-output>
          </reporter-output>
        </test-method> <!-- tearDown -->
      </class> <!-- com.automation.day16.Oct_22_2023.LoginTest -->
    </test> <!-- Test -->
  </suite> <!-- Suite -->
</testng-results>
